
[1;94mPIPELINE BEGIN:	banque-trigger

[1;94m + STAGE BEGIN:	10-test-setup
[1;94m | [0;95mSTEP STATUS:	[92mSuccessful	10-create-tables.step.sql[39m
[1;94m | [0;95mSTEP STATUS:	[92mSuccessful	20-banque.step.populate[39m
[1;94m | [0;95mSTEP STATUS:	[92mSuccessful	30-assert-examples.step.sql[39m
[1;94m + STAGE END:	[92mSuccessful	10-test-setup.stage[39m

[1;94m + STAGE BEGIN:	30-test-transaction
[1;94m | [0;95mSTEP STATUS:	[92mSuccessful	10-case-commit.step.sql[39m
[1;94m | [0;95mSTEP STATUS:	[91mFailed	20-case-rollback.step.sql[39m

[90m[K┌─────────────┬────────────┬────────────┬──────────────────────────────────────────────┐[m[K
[90m[K│   RESULT    │  EXPECTED  │   ACTUAL   │             ASSERT_FLOAT_EQUALS              │[m[K
[90m[K├─────────────┼────────────┼────────────┼──────────────────────────────────────────────┤[m[K
[90m[K│ ASSERT_PASS │ 500.4      │ 500.4      │ 400.4 + 100 - 0,solde,Client,Id_Client = 40  │[m[K
[90m[K└─────────────┴────────────┴────────────┴──────────────────────────────────────────────┘[m[K
[90m[K┌─────────────┬────────────┬────────────┬───────────────────────────────────────────┐[m[K
[90m[K│   RESULT    │  EXPECTED  │   ACTUAL   │            ASSERT_FLOAT_EQUALS            │[m[K
[90m[K├─────────────┼────────────┼────────────┼───────────────────────────────────────────┤[m[K
[0;33m[K│ [0;91m[KASSERT_FAIL[m[K[0;33m[K │ 300.31     │ 300.3      │ 300.3 + 0.01,solde,Client,Id_Client = 30  │[m[K
[90m[K└─────────────┴────────────┴────────────┴───────────────────────────────────────────┘[m[K
[90m[K┌─────────────┬────────────┬────────────┬─────────────────────────────────────────────────┐[m[K
[90m[K│   RESULT    │  EXPECTED  │   ACTUAL   │               ASSERT_FLOAT_EQUALS               │[m[K
[90m[K├─────────────┼────────────┼────────────┼─────────────────────────────────────────────────┤[m[K
[90m[K│ ASSERT_PASS │ 1001.0     │ 1001.0     │ 100.1 + 200.2 + 300.3 + 400.4,SUM(solde),Client │[m[K
[90m[K└─────────────┴────────────┴────────────┴─────────────────────────────────────────────────┘[m[K

[1;94m + STAGE END:	[91mFailed	30-test-transaction.stage[39m
[1;94m
PIPELINE END:	[91mFailed	banque-trigger.pipeline[39m

